


ARM Macro Assembler    Page 1 


    1 00000000         ;
    2 00000000         ; STM32F429_startup.s
    3 00000000         ;
    4 00000000         
    5 00000000         ; <<< Use Configuration Wizard in Context Menu >>>
    6 00000000         
    7 00000000         ; Amount of memory (in bytes) allocated for Stack
    8 00000000         ; Tailor this value to your application needs
    9 00000000         ; <h> Stack Configuration
   10 00000000         ;   <o> Stack Size (in Bytes) <0x0-0xFFFFFFFF:256>
   11 00000000         ; </h>
   12 00000000         
   13 00000000 00000400 
                       RawStackSize
                               EQU              0x00000400
   14 00000000 000003F8 
                       StackSize
                               EQU              RawStackSize - 8
   15 00000000         
   16 00000000                 AREA             CCM, NOINIT, READWRITE, ALIGN=3
   17 00000000         ; Der Stack liegt bevorzugt im CCM (s. linker ccatter fi
                       le).
   18 00000000         ; TOS muss an einer 8-Byte-Grenze ausgerichtet sein!
   19 00000000         StackGuard_1
                               SPACE            4
   20 00000004         StackGuard_2
                               SPACE            4
   21 00000008         StackMem
                               SPACE            StackSize
   22 00000400         __initial_sp
   23 00000400                 EXPORT           StackGuard_1
   24 00000400                 EXPORT           StackGuard_2
   25 00000400         
   26 00000400         ; <h> Heap Configuration
   27 00000400         ;   <o>  Heap Size (in Bytes) <0x0-0xFFFFFFFF:256>
   28 00000400         ; </h>
   29 00000400         
   30 00000400 00010000 
                       HeapSize
                               EQU              0x00010000
   31 00000400         
   32 00000400                 AREA             HEAP, NOINIT, READWRITE, ALIGN=
3
   33 00000000         __heap_base
   34 00000000         HeapMem SPACE            HeapSize
   35 00010000         __heap_limit
   36 00010000         
   37 00010000                 PRESERVE8
   38 00010000                 THUMB
   39 00010000         
   40 00010000                 AREA             RESET, DATA, READONLY
   41 00000000                 EXPORT           __Vectors
   42 00000000                 EXPORT           __Vectors_End
   43 00000000                 EXPORT           __Vectors_Size
   44 00000000         
   45 00000000 00000000 
                       __Vectors
                               DCD              __initial_sp ; Top of Stack
   46 00000004 00000000        DCD              IRQ_Reset   ; Reset Handler



ARM Macro Assembler    Page 2 


   47 00000008 00000000        DCD              IRQ_NMI     ; NMI Handler
   48 0000000C 00000000        DCD              IRQ_HrdFlt  ; Hard Fault Handle
                                                            r
   49 00000010 00000000        DCD              IRQ_MemFlt  ; MPU Fault Handler
                                                            
   50 00000014 00000000        DCD              IRQ_BusFlt  ; Bus Fault Handler
                                                            
   51 00000018 00000000        DCD              IRQ_UsgFlt  ; Usage Fault Handl
                                                            er
   52 0000001C 00000000        DCD              0           ; Reserved
   53 00000020 00000000        DCD              0           ; Reserved
   54 00000024 00000000        DCD              0           ; Reserved
   55 00000028 00000000        DCD              0           ; Reserved
   56 0000002C 00000000        DCD              IRQ_SVC     ; SVCall Handler
   57 00000030 00000000        DCD              IRQ_DebMon  ; Debug Monitor Han
                                                            dler
   58 00000034 00000000        DCD              0           ; Reserved
   59 00000038 00000000        DCD              IRQ_PSV     ; PendSV Handler
   60 0000003C 00000000        DCD              IRQ_STK     ; SysTick Handler
   61 00000040         
   62 00000040         ; External Interrupts
   63 00000040         
   64 00000040 00000000        DCD              IRQ_WWDG    ; Window WatchDog  
                                                                               
                                                                               
                                                            
   65 00000044 00000000        DCD              IRQ_PVD     ; PVD through EXTI 
                                                            Line detection     
                                                                               
                                                            
   66 00000048 00000000        DCD              IRQ_TAMP    ; Tamper and TimeSt
                                                            amps through the EX
                                                            TI line            
                                                            
   67 0000004C 00000000        DCD              IRQ_RTC_WKUP ; RTC Wakeup throu
                                                            gh the EXTI line   
                                                                               
                                                             
   68 00000050 00000000        DCD              IRQ_FLASH   ; FLASH            
                                                                               
                                                                        
   69 00000054 00000000        DCD              IRQ_RCC     ; RCC              
                                                                               
                                                                        
   70 00000058 00000000        DCD              IRQ_EXTI00  ; EXTI Line0       
                                                                               
                                                                               
                                                            
   71 0000005C 00000000        DCD              IRQ_EXTI01  ; EXTI Line1       
                                                                               
                                                                               
                                                            
   72 00000060 00000000        DCD              IRQ_EXTI02  ; EXTI Line2       
                                                                               
                                                                               
                                                            
   73 00000064 00000000        DCD              IRQ_EXTI03  ; EXTI Line3       
                                                                               
                                                                               



ARM Macro Assembler    Page 3 


                                                            
   74 00000068 00000000        DCD              IRQ_EXTI04  ; EXTI Line4       
                                                                               
                                                                               
                                                            
   75 0000006C 00000000        DCD              IRQ_DMA1_STREAM0 ; DMA1 Stream 
                                                            0                  
                                                                             
   76 00000070 00000000        DCD              IRQ_DMA1_STREAM1 ; DMA1 Stream 
                                                            1                  
                                                                             
   77 00000074 00000000        DCD              IRQ_DMA1_STREAM2 ; DMA1 Stream 
                                                            2                  
                                                                             
   78 00000078 00000000        DCD              IRQ_DMA1_STREAM3 ; DMA1 Stream 
                                                            3                  
                                                                             
   79 0000007C 00000000        DCD              IRQ_DMA1_STREAM4 ; DMA1 Stream 
                                                            4                  
                                                                             
   80 00000080 00000000        DCD              IRQ_DMA1_STREAM5 ; DMA1 Stream 
                                                            5                  
                                                                             
   81 00000084 00000000        DCD              IRQ_DMA1_STREAM6 ; DMA1 Stream 
                                                            6                  
                                                                             
   82 00000088 00000000        DCD              IRQ_ADC     ; ADC1, ADC2 and AD
                                                            C3s                
                                                                        
   83 0000008C 00000000        DCD              IRQ_CAN1_TX ; CAN1 TX          
                                                                               
                                                                               
                                                            
   84 00000090 00000000        DCD              IRQ_CAN1_RX0 ; CAN1 RX0        
                                                                               
                                                                               
                                                             
   85 00000094 00000000        DCD              IRQ_CAN1_RX1 ; CAN1 RX1        
                                                                               
                                                                               
                                                             
   86 00000098 00000000        DCD              IRQ_CAN1_SCE ; CAN1 SCE        
                                                                               
                                                                               
                                                             
   87 0000009C 00000000        DCD              IRQ_EXTI05TO09 ; External Line[
                                                            9:5]s              
                                                                               
                                                               
   88 000000A0 00000000        DCD              IRQ_TIM01_BK_TIM09 ; TIM01 Brea
                                                            k and TIM09        
                                                                       
   89 000000A4 00000000        DCD              IRQ_TIM01_UE_TIM10 ; TIM01 Upda
                                                            te and TIM10       
                                                                      
   90 000000A8 00000000        DCD              IRQ_TIM01_TR_TIM11 ; TIM01 Trig
                                                            ger and Commutation
                                                             and TIM11
   91 000000AC 00000000        DCD              IRQ_TIM01_CC ; TIM01 Capture Co



ARM Macro Assembler    Page 4 


                                                            mpare              
                                                                               
                                                              
   92 000000B0 00000000        DCD              IRQ_TIM02   ; TIM02            
                                                                               
                                                                         
   93 000000B4 00000000        DCD              IRQ_TIM03   ; TIM03            
                                                                               
                                                                         
   94 000000B8 00000000        DCD              IRQ_TIM04   ; TIM04            
                                                                               
                                                                         
   95 000000BC 00000000        DCD              IRQ_I2C1_EV ; I2C1 Event       
                                                                               
                                                                               
                                                            
   96 000000C0 00000000        DCD              IRQ_I2C1_ER ; I2C1 Error       
                                                                               
                                                                               
                                                            
   97 000000C4 00000000        DCD              IRQ_I2C2_EV ; I2C2 Event       
                                                                               
                                                                               
                                                            
   98 000000C8 00000000        DCD              IRQ_I2C2_ER ; I2C2 Error       
                                                                               
                                                                               
                                                              
   99 000000CC 00000000        DCD              IRQ_SPI1    ; SPI1             
                                                                               
                                                                        
  100 000000D0 00000000        DCD              IRQ_SPI2    ; SPI2             
                                                                               
                                                                        
  101 000000D4 00000000        DCD              IRQ_USART1  ; USART1           
                                                                               
                                                                        
  102 000000D8 00000000        DCD              IRQ_USART2  ; USART2           
                                                                               
                                                                        
  103 000000DC 00000000        DCD              IRQ_USART3  ; USART3           
                                                                               
                                                                        
  104 000000E0 00000000        DCD              IRQ_EXTI10TO15 ; External Line[
                                                            15:10]s            
                                                                               
                                                               
  105 000000E4 00000000        DCD              IRQ_RTC_ALARM ; RTC Alarm (A an
                                                            d B) through EXTI L
                                                            ine                
                                                              
  106 000000E8 00000000        DCD              IRQ_OTG_FS_WKUP ; USB OTG FS Wa
                                                            keup through EXTI l
                                                            ine                
                                                                    
  107 000000EC 00000000        DCD              IRQ_TIM08_BK_TIM12 ; TIM08 Brea
                                                            k and TIM12        
                                                                      
  108 000000F0 00000000        DCD              IRQ_TIM08_UE_TIM13 ; TIM08 Upda



ARM Macro Assembler    Page 5 


                                                            te and TIM13       
                                                                      
  109 000000F4 00000000        DCD              IRQ_TIM08_TR_TIM14 ; TIM08 Trig
                                                            ger and Commutation
                                                             and TIM14
  110 000000F8 00000000        DCD              IRQ_TIM08_CC ; TIM08 Capture Co
                                                            mpare              
                                                                               
                                                              
  111 000000FC 00000000        DCD              IRQ_DMA1_STREAM7 ; DMA1 Stream7
                                                                               
                                                                               
                                                                 
  112 00000100 00000000        DCD              IRQ_FMC     ; FMC              
                                                                               
                                                                       
  113 00000104 00000000        DCD              IRQ_SDIO    ; SDIO             
                                                                               
                                                                        
  114 00000108 00000000        DCD              IRQ_TIM05   ; TIM05            
                                                                               
                                                                         
  115 0000010C 00000000        DCD              IRQ_SPI3    ; SPI3             
                                                                               
                                                                        
  116 00000110 00000000        DCD              IRQ_UART4   ; UART4            
                                                                               
                                                                        
  117 00000114 00000000        DCD              IRQ_UART5   ; UART5            
                                                                               
                                                                        
  118 00000118 00000000        DCD              IRQ_TIM06_DAC ; TIM06 and DAC1&
                                                            2 underrun errors  
                                                                             
  119 0000011C 00000000        DCD              IRQ_TIM07   ; TIM07            
                                                                   
  120 00000120 00000000        DCD              IRQ_DMA2_STREAM0 ; DMA2 Stream 
                                                            0                  
                                                                             
  121 00000124 00000000        DCD              IRQ_DMA2_STREAM1 ; DMA2 Stream 
                                                            1                  
                                                                             
  122 00000128 00000000        DCD              IRQ_DMA2_STREAM2 ; DMA2 Stream 
                                                            2                  
                                                                             
  123 0000012C 00000000        DCD              IRQ_DMA2_STREAM3 ; DMA2 Stream 
                                                            3                  
                                                                             
  124 00000130 00000000        DCD              IRQ_DMA2_STREAM4 ; DMA2 Stream 
                                                            4                  
                                                                             
  125 00000134 00000000        DCD              IRQ_ETH     ; Ethernet         
                                                                               
                                                                        
  126 00000138 00000000        DCD              IRQ_ETH_WKUP ; Ethernet Wakeup 
                                                            through EXTI line  
                                                                               
                                                             
  127 0000013C 00000000        DCD              IRQ_CAN2_TX ; CAN2 TX          



ARM Macro Assembler    Page 6 


                                                                               
                                                                               
                                                            
  128 00000140 00000000        DCD              IRQ_CAN2_RX0 ; CAN2 RX0        
                                                                               
                                                                               
                                                             
  129 00000144 00000000        DCD              IRQ_CAN2_RX1 ; CAN2 RX1        
                                                                               
                                                                               
                                                             
  130 00000148 00000000        DCD              IRQ_CAN2_SCE ; CAN2 SCE        
                                                                               
                                                                               
                                                             
  131 0000014C 00000000        DCD              IRQ_OTG_FS  ; USB OTG FS       
                                                                               
                                                                        
  132 00000150 00000000        DCD              IRQ_DMA2_STREAM5 ; DMA2 Stream 
                                                            5                  
                                                                             
  133 00000154 00000000        DCD              IRQ_DMA2_STREAM6 ; DMA2 Stream 
                                                            6                  
                                                                             
  134 00000158 00000000        DCD              IRQ_DMA2_STREAM7 ; DMA2 Stream 
                                                            7                  
                                                                             
  135 0000015C 00000000        DCD              IRQ_USART6  ; USART6           
                                                                               
                                                                         
  136 00000160 00000000        DCD              IRQ_I2C3_EV ; I2C3 event       
                                                                               
                                                                               
                                                            
  137 00000164 00000000        DCD              IRQ_I2C3_ER ; I2C3 error       
                                                                               
                                                                               
                                                            
  138 00000168 00000000        DCD              IRQ_OTG_HS_EP1_OUT ; USB OTG HS
                                                             End Point 1 Out   
                                                                               
                                                            
  139 0000016C 00000000        DCD              IRQ_OTG_HS_EP1_IN ; USB OTG HS 
                                                            End Point 1 In     
                                                                              
  140 00000170 00000000        DCD              IRQ_OTG_WKUP ; USB OTG HS Wakeu
                                                            p through EXTI     
                                                                               
                                                             
  141 00000174 00000000        DCD              IRQ_OTG_HS  ; USB OTG HS       
                                                                               
                                                                        
  142 00000178 00000000        DCD              IRQ_DCMI    ; DCMI             
                                                                               
                                                                        
  143 0000017C 00000000        DCD              IRQ_CRYP    ; CRYP crypto      
                                                                               
                                                                        
  144 00000180 00000000        DCD              IRQ_HASH_RNG ; Hash and Rng 



ARM Macro Assembler    Page 7 


  145 00000184 00000000        DCD              IRQ_FPU
  146 00000188 00000000        DCD              IRQ_UART7
  147 0000018C 00000000        DCD              IRQ_UART8
  148 00000190 00000000        DCD              IRQ_SPI4
  149 00000194 00000000        DCD              IRQ_SPI5
  150 00000198 00000000        DCD              IRQ_SPI6
  151 0000019C 00000000        DCD              IRQ_SAI1
  152 000001A0 00000000        DCD              IRQ_LTDC
  153 000001A4 00000000        DCD              IRQ_LTDC_ERR
  154 000001A8 00000000        DCD              IRQ_DMA2D
  155 000001AC         __Vectors_End
  156 000001AC 000001AC 
                       __Vectors_Size
                               EQU              __Vectors_End - __Vectors
  157 000001AC         
  158 000001AC                 AREA             |.text|, CODE, READONLY
  159 00000000         
  160 00000000         IRQ_Reset
                               PROC
  161 00000000                 EXPORT           IRQ_Reset               [WEAK]
  162 00000000                 IMPORT           VeryFirstInit
  163 00000000                 IMPORT           __main
  164 00000000         
  165 00000000 481F            LDR              R0, =VeryFirstInit
  166 00000002 4780            BLX              R0
  167 00000004 481F            LDR              R0, =__main
  168 00000006 4700            BX               R0
  169 00000008                 ENDP
  170 00000008         
  171 00000008         IRQ_NMI PROC
  172 00000008                 EXPORT           IRQ_NMI                 [WEAK]
  173 00000008 E7FE            B                .
  174 0000000A                 ENDP
  175 0000000A         
  176 0000000A         IRQ_HrdFlt
                               PROC
  177 0000000A                 IMPORT           HandleHrdFlt
  178 0000000A F01E 0F04       TST              LR, #4
  179 0000000E BF0C F3EF 
              8008             MRSEQ            R0, MSP
  180 00000014 F3EF 8009       MRSNE            R0, PSP
  181 00000018 F7FF BFFE       B                HandleHrdFlt
  182 0000001C                 ENDP
  183 0000001C         
  184 0000001C         IRQ_MemFlt
                               PROC
  185 0000001C                 IMPORT           HandleMemFlt
  186 0000001C F01E 0F04       TST              LR, #4
  187 00000020 BF0C F3EF 
              8008             MRSEQ            R0, MSP
  188 00000026 F3EF 8009       MRSNE            R0, PSP
  189 0000002A F7FF BFFE       B                HandleMemFlt
  190 0000002E                 ENDP
  191 0000002E         
  192 0000002E         IRQ_BusFlt
                               PROC
  193 0000002E                 IMPORT           HandleBusFlt
  194 0000002E F01E 0F04       TST              LR, #4
  195 00000032 BF0C F3EF 



ARM Macro Assembler    Page 8 


              8008             MRSEQ            R0, MSP
  196 00000038 F3EF 8009       MRSNE            R0, PSP
  197 0000003C F7FF BFFE       B                HandleBusFlt
  198 00000040                 ENDP
  199 00000040         
  200 00000040         IRQ_UsgFlt
                               PROC
  201 00000040                 IMPORT           HandleUsgFlt
  202 00000040 F01E 0F04       TST              LR, #4
  203 00000044 BF0C F3EF 
              8008             MRSEQ            R0, MSP
  204 0000004A F3EF 8009       MRSNE            R0, PSP
  205 0000004E F7FF BFFE       B                HandleUsgFlt
  206 00000052                 ENDP
  207 00000052         
  208 00000052         IRQ_SVC PROC
  209 00000052                 IMPORT           HandleSVC
  210 00000052 F01E 0F04       TST              LR, #4
  211 00000056 BF0C F3EF 
              8008             MRSEQ            R0, MSP
  212 0000005C F3EF 8009       MRSNE            R0, PSP
  213 00000060 F7FF BFFE       B                HandleSVC
  214 00000064                 ENDP
  215 00000064         
  216 00000064         IRQ_DebMon
                               PROC
  217 00000064                 EXPORT           IRQ_DebMon              [WEAK]
  218 00000064 E7FE            B                .
  219 00000066                 ENDP
  220 00000066         
  221 00000066         IRQ_PSV PROC
  222 00000066                 EXPORT           IRQ_PSV                 [WEAK]
  223 00000066 E7FE            B                .
  224 00000068                 ENDP
  225 00000068         
  226 00000068         IRQ_STK PROC
  227 00000068                 EXPORT           IRQ_STK                 [WEAK]
  228 00000068 E7FE            B                .
  229 0000006A                 ENDP
  230 0000006A         
  231 0000006A         UndefinedIRQ
                               PROC
  232 0000006A                 EXPORT           UndefinedIRQ            [WEAK]
  233 0000006A E7FE            B                .
  234 0000006C                 ENDP
  235 0000006C         
  236 0000006C         IRQ_Default
                               PROC
  237 0000006C                 EXPORT           IRQ_WWDG                [WEAK]
  238 0000006C                 EXPORT           IRQ_PVD                 [WEAK]
  239 0000006C                 EXPORT           IRQ_TAMP                [WEAK]
  240 0000006C                 EXPORT           IRQ_RTC_WKUP            [WEAK]
  241 0000006C                 EXPORT           IRQ_FLASH               [WEAK]
  242 0000006C                 EXPORT           IRQ_RCC                 [WEAK]
  243 0000006C                 EXPORT           IRQ_EXTI00              [WEAK]
  244 0000006C                 EXPORT           IRQ_EXTI01              [WEAK]
  245 0000006C                 EXPORT           IRQ_EXTI02              [WEAK]
  246 0000006C                 EXPORT           IRQ_EXTI03              [WEAK]
  247 0000006C                 EXPORT           IRQ_EXTI04              [WEAK]



ARM Macro Assembler    Page 9 


  248 0000006C                 EXPORT           IRQ_DMA1_STREAM0        [WEAK]
  249 0000006C                 EXPORT           IRQ_DMA1_STREAM1        [WEAK]
  250 0000006C                 EXPORT           IRQ_DMA1_STREAM2        [WEAK]
  251 0000006C                 EXPORT           IRQ_DMA1_STREAM3        [WEAK]
  252 0000006C                 EXPORT           IRQ_DMA1_STREAM4        [WEAK]
  253 0000006C                 EXPORT           IRQ_DMA1_STREAM5        [WEAK]
  254 0000006C                 EXPORT           IRQ_DMA1_STREAM6        [WEAK]
  255 0000006C                 EXPORT           IRQ_ADC                 [WEAK]
  256 0000006C                 EXPORT           IRQ_CAN1_TX             [WEAK]
  257 0000006C                 EXPORT           IRQ_CAN1_RX0            [WEAK]
  258 0000006C                 EXPORT           IRQ_CAN1_RX1            [WEAK]
  259 0000006C                 EXPORT           IRQ_CAN1_SCE            [WEAK]
  260 0000006C                 EXPORT           IRQ_EXTI05TO09          [WEAK]
  261 0000006C                 EXPORT           IRQ_TIM01_BK_TIM09      [WEAK]
  262 0000006C                 EXPORT           IRQ_TIM01_UE_TIM10      [WEAK]
  263 0000006C                 EXPORT           IRQ_TIM01_TR_TIM11      [WEAK]
  264 0000006C                 EXPORT           IRQ_TIM01_CC            [WEAK]
  265 0000006C                 EXPORT           IRQ_TIM02               [WEAK]
  266 0000006C                 EXPORT           IRQ_TIM03               [WEAK]
  267 0000006C                 EXPORT           IRQ_TIM04               [WEAK]
  268 0000006C                 EXPORT           IRQ_I2C1_EV             [WEAK]
  269 0000006C                 EXPORT           IRQ_I2C1_ER             [WEAK]
  270 0000006C                 EXPORT           IRQ_I2C2_EV             [WEAK]
  271 0000006C                 EXPORT           IRQ_I2C2_ER             [WEAK]
  272 0000006C                 EXPORT           IRQ_SPI1                [WEAK]
  273 0000006C                 EXPORT           IRQ_SPI2                [WEAK]
  274 0000006C                 EXPORT           IRQ_USART1              [WEAK]
  275 0000006C                 EXPORT           IRQ_USART2              [WEAK]
  276 0000006C                 EXPORT           IRQ_USART3              [WEAK]
  277 0000006C                 EXPORT           IRQ_EXTI10TO15          [WEAK]
  278 0000006C                 EXPORT           IRQ_RTC_ALARM           [WEAK]
  279 0000006C                 EXPORT           IRQ_OTG_FS_WKUP         [WEAK]
  280 0000006C                 EXPORT           IRQ_TIM08_BK_TIM12      [WEAK]
  281 0000006C                 EXPORT           IRQ_TIM08_UE_TIM13      [WEAK]
  282 0000006C                 EXPORT           IRQ_TIM08_TR_TIM14      [WEAK]
  283 0000006C                 EXPORT           IRQ_TIM08_CC            [WEAK]
  284 0000006C                 EXPORT           IRQ_DMA1_STREAM7        [WEAK]
  285 0000006C                 EXPORT           IRQ_FMC                 [WEAK]
  286 0000006C                 EXPORT           IRQ_SDIO                [WEAK]
  287 0000006C                 EXPORT           IRQ_TIM05               [WEAK]
  288 0000006C                 EXPORT           IRQ_SPI3                [WEAK]
  289 0000006C                 EXPORT           IRQ_UART4               [WEAK]
  290 0000006C                 EXPORT           IRQ_UART5               [WEAK]
  291 0000006C                 EXPORT           IRQ_TIM06_DAC           [WEAK]
  292 0000006C                 EXPORT           IRQ_TIM07               [WEAK]
  293 0000006C                 EXPORT           IRQ_DMA2_STREAM0        [WEAK]
  294 0000006C                 EXPORT           IRQ_DMA2_STREAM1        [WEAK]
  295 0000006C                 EXPORT           IRQ_DMA2_STREAM2        [WEAK]
  296 0000006C                 EXPORT           IRQ_DMA2_STREAM3        [WEAK]
  297 0000006C                 EXPORT           IRQ_DMA2_STREAM4        [WEAK]
  298 0000006C                 EXPORT           IRQ_ETH                 [WEAK]
  299 0000006C                 EXPORT           IRQ_ETH_WKUP            [WEAK]
  300 0000006C                 EXPORT           IRQ_CAN2_TX             [WEAK]
  301 0000006C                 EXPORT           IRQ_CAN2_RX0            [WEAK]
  302 0000006C                 EXPORT           IRQ_CAN2_RX1            [WEAK]
  303 0000006C                 EXPORT           IRQ_CAN2_SCE            [WEAK]
  304 0000006C                 EXPORT           IRQ_OTG_FS              [WEAK]
  305 0000006C                 EXPORT           IRQ_DMA2_STREAM5        [WEAK]
  306 0000006C                 EXPORT           IRQ_DMA2_STREAM6        [WEAK]



ARM Macro Assembler    Page 10 


  307 0000006C                 EXPORT           IRQ_DMA2_STREAM7        [WEAK]
  308 0000006C                 EXPORT           IRQ_USART6              [WEAK]
  309 0000006C                 EXPORT           IRQ_I2C3_EV             [WEAK]
  310 0000006C                 EXPORT           IRQ_I2C3_ER             [WEAK]
  311 0000006C                 EXPORT           IRQ_OTG_HS_EP1_OUT      [WEAK]
  312 0000006C                 EXPORT           IRQ_OTG_HS_EP1_IN       [WEAK]
  313 0000006C                 EXPORT           IRQ_OTG_WKUP            [WEAK]
  314 0000006C                 EXPORT           IRQ_OTG_HS              [WEAK]
  315 0000006C                 EXPORT           IRQ_DCMI                [WEAK]
  316 0000006C                 EXPORT           IRQ_CRYP                [WEAK]
  317 0000006C                 EXPORT           IRQ_HASH_RNG            [WEAK]
  318 0000006C                 EXPORT           IRQ_FPU                 [WEAK]
  319 0000006C                 EXPORT           IRQ_UART7               [WEAK]
  320 0000006C                 EXPORT           IRQ_UART8               [WEAK]
  321 0000006C                 EXPORT           IRQ_SPI4                [WEAK]
  322 0000006C                 EXPORT           IRQ_SPI5                [WEAK]
  323 0000006C                 EXPORT           IRQ_SPI6                [WEAK]
  324 0000006C                 EXPORT           IRQ_SAI1                [WEAK]
  325 0000006C                 EXPORT           IRQ_LTDC                [WEAK]
  326 0000006C                 EXPORT           IRQ_LTDC_ERR            [WEAK]
  327 0000006C                 EXPORT           IRQ_DMA2D               [WEAK]
  328 0000006C         
  329 0000006C         IRQ_WWDG
  330 0000006C         IRQ_PVD
  331 0000006C         IRQ_TAMP
  332 0000006C         IRQ_RTC_WKUP
  333 0000006C         IRQ_FLASH
  334 0000006C         IRQ_RCC
  335 0000006C         IRQ_EXTI00
  336 0000006C         IRQ_EXTI01
  337 0000006C         IRQ_EXTI02
  338 0000006C         IRQ_EXTI03
  339 0000006C         IRQ_EXTI04
  340 0000006C         IRQ_DMA1_STREAM0
  341 0000006C         IRQ_DMA1_STREAM1
  342 0000006C         IRQ_DMA1_STREAM2
  343 0000006C         IRQ_DMA1_STREAM3
  344 0000006C         IRQ_DMA1_STREAM4
  345 0000006C         IRQ_DMA1_STREAM5
  346 0000006C         IRQ_DMA1_STREAM6
  347 0000006C         IRQ_ADC
  348 0000006C         IRQ_CAN1_TX
  349 0000006C         IRQ_CAN1_RX0
  350 0000006C         IRQ_CAN1_RX1
  351 0000006C         IRQ_CAN1_SCE
  352 0000006C         IRQ_EXTI05TO09
  353 0000006C         IRQ_TIM01_BK_TIM09
  354 0000006C         IRQ_TIM01_UE_TIM10
  355 0000006C         IRQ_TIM01_TR_TIM11
  356 0000006C         IRQ_TIM01_CC
  357 0000006C         IRQ_TIM02
  358 0000006C         IRQ_TIM03
  359 0000006C         IRQ_TIM04
  360 0000006C         IRQ_I2C1_EV
  361 0000006C         IRQ_I2C1_ER
  362 0000006C         IRQ_I2C2_EV
  363 0000006C         IRQ_I2C2_ER
  364 0000006C         IRQ_SPI1
  365 0000006C         IRQ_SPI2



ARM Macro Assembler    Page 11 


  366 0000006C         IRQ_USART1
  367 0000006C         IRQ_USART2
  368 0000006C         IRQ_USART3
  369 0000006C         IRQ_EXTI10TO15
  370 0000006C         IRQ_RTC_ALARM
  371 0000006C         IRQ_OTG_FS_WKUP
  372 0000006C         IRQ_TIM08_BK_TIM12
  373 0000006C         IRQ_TIM08_UE_TIM13
  374 0000006C         IRQ_TIM08_TR_TIM14
  375 0000006C         IRQ_TIM08_CC
  376 0000006C         IRQ_DMA1_STREAM7
  377 0000006C         IRQ_FMC
  378 0000006C         IRQ_SDIO
  379 0000006C         IRQ_TIM05
  380 0000006C         IRQ_SPI3
  381 0000006C         IRQ_UART4
  382 0000006C         IRQ_UART5
  383 0000006C         IRQ_TIM06_DAC
  384 0000006C         IRQ_TIM07
  385 0000006C         IRQ_DMA2_STREAM0
  386 0000006C         IRQ_DMA2_STREAM1
  387 0000006C         IRQ_DMA2_STREAM2
  388 0000006C         IRQ_DMA2_STREAM3
  389 0000006C         IRQ_DMA2_STREAM4
  390 0000006C         IRQ_ETH
  391 0000006C         IRQ_ETH_WKUP
  392 0000006C         IRQ_CAN2_TX
  393 0000006C         IRQ_CAN2_RX0
  394 0000006C         IRQ_CAN2_RX1
  395 0000006C         IRQ_CAN2_SCE
  396 0000006C         IRQ_OTG_FS
  397 0000006C         IRQ_DMA2_STREAM5
  398 0000006C         IRQ_DMA2_STREAM6
  399 0000006C         IRQ_DMA2_STREAM7
  400 0000006C         IRQ_USART6
  401 0000006C         IRQ_I2C3_EV
  402 0000006C         IRQ_I2C3_ER
  403 0000006C         IRQ_OTG_HS_EP1_OUT
  404 0000006C         IRQ_OTG_HS_EP1_IN
  405 0000006C         IRQ_OTG_WKUP
  406 0000006C         IRQ_OTG_HS
  407 0000006C         IRQ_DCMI
  408 0000006C         IRQ_CRYP
  409 0000006C         IRQ_HASH_RNG
  410 0000006C         IRQ_FPU
  411 0000006C         IRQ_UART7
  412 0000006C         IRQ_UART8
  413 0000006C         IRQ_SPI4
  414 0000006C         IRQ_SPI5
  415 0000006C         IRQ_SPI6
  416 0000006C         IRQ_SAI1
  417 0000006C         IRQ_LTDC
  418 0000006C         IRQ_LTDC_ERR
  419 0000006C         IRQ_DMA2D
  420 0000006C         
  421 0000006C 4806            LDR              R0, =UndefinedIRQ
  422 0000006E 4780            BLX              R0
  423 00000070 E7FE            B                .
  424 00000072         



ARM Macro Assembler    Page 12 


  425 00000072                 ENDP
  426 00000072         
  427 00000072 00 00           ALIGN
  428 00000074         
  429 00000074                 IF               :DEF:__MICROLIB
  436 00000074         
  437 00000074                 IMPORT           __use_two_region_memory
  438 00000074                 EXPORT           __user_setup_stackheap
  439 00000074         
  440 00000074         __user_setup_stackheap
  441 00000074         
  442 00000074 4805            LDR              R0, =  HeapMem
  443 00000076 4906            LDR              R1, = (StackMem + StackSize)
  444 00000078 4A06            LDR              R2, = (HeapMem +  HeapSize)
  445 0000007A 4B07            LDR              R3, =  StackMem
  446 0000007C 4770            BX               LR
  447 0000007E         
  448 0000007E 00 00           ALIGN
  449 00000080         
  450 00000080                 ENDIF
  451 00000080         
  452 00000080                 END
              00000000 
              00000000 
              00000000 
              00000000 
              000003F8 
              00010000 
              00000000 
Command Line: --debug --xref --diag_suppress=9931 --cpu=Cortex-M4 --apcs=interw
ork --depend=.\out\debugv5\stm32f429_startup.d -o.\out\debugv5\stm32f429_startu
p.o -I.\RTE\_Debug_V5 -IC:\Users\jensk\AppData\Local\Arm\Packs\Keil\STM32F4xx_D
FP\2.13.0\Drivers\CMSIS\Device\ST\STM32F4xx\Include -IC:\Keil_v5\ARM\CMSIS\Incl
ude --predefine="__UVISION_VERSION SETA 527" --predefine="STM32F429xx SETA 1" -
-list=.\lst\debugv5\stm32f429_startup.lst STM32F429_startup.s



ARM Macro Assembler    Page 1 Alphabetic symbol ordering
Relocatable symbols

CCM 00000000

Symbol: CCM
   Definitions
      At line 16 in file STM32F429_startup.s
   Uses
      None
Comment: CCM unused
StackGuard_1 00000000

Symbol: StackGuard_1
   Definitions
      At line 19 in file STM32F429_startup.s
   Uses
      At line 23 in file STM32F429_startup.s
Comment: StackGuard_1 used once
StackGuard_2 00000004

Symbol: StackGuard_2
   Definitions
      At line 20 in file STM32F429_startup.s
   Uses
      At line 24 in file STM32F429_startup.s
Comment: StackGuard_2 used once
StackMem 00000008

Symbol: StackMem
   Definitions
      At line 21 in file STM32F429_startup.s
   Uses
      At line 443 in file STM32F429_startup.s
      At line 445 in file STM32F429_startup.s

__initial_sp 00000400

Symbol: __initial_sp
   Definitions
      At line 22 in file STM32F429_startup.s
   Uses
      At line 45 in file STM32F429_startup.s
Comment: __initial_sp used once
5 symbols



ARM Macro Assembler    Page 1 Alphabetic symbol ordering
Relocatable symbols

HEAP 00000000

Symbol: HEAP
   Definitions
      At line 32 in file STM32F429_startup.s
   Uses
      None
Comment: HEAP unused
HeapMem 00000000

Symbol: HeapMem
   Definitions
      At line 34 in file STM32F429_startup.s
   Uses
      At line 442 in file STM32F429_startup.s
      At line 444 in file STM32F429_startup.s

__heap_base 00000000

Symbol: __heap_base
   Definitions
      At line 33 in file STM32F429_startup.s
   Uses
      None
Comment: __heap_base unused
__heap_limit 00010000

Symbol: __heap_limit
   Definitions
      At line 35 in file STM32F429_startup.s
   Uses
      None
Comment: __heap_limit unused
4 symbols



ARM Macro Assembler    Page 1 Alphabetic symbol ordering
Relocatable symbols

RESET 00000000

Symbol: RESET
   Definitions
      At line 40 in file STM32F429_startup.s
   Uses
      None
Comment: RESET unused
__Vectors 00000000

Symbol: __Vectors
   Definitions
      At line 45 in file STM32F429_startup.s
   Uses
      At line 41 in file STM32F429_startup.s
      At line 156 in file STM32F429_startup.s

__Vectors_End 000001AC

Symbol: __Vectors_End
   Definitions
      At line 155 in file STM32F429_startup.s
   Uses
      At line 42 in file STM32F429_startup.s
      At line 156 in file STM32F429_startup.s

3 symbols



ARM Macro Assembler    Page 1 Alphabetic symbol ordering
Relocatable symbols

.text 00000000

Symbol: .text
   Definitions
      At line 158 in file STM32F429_startup.s
   Uses
      None
Comment: .text unused
IRQ_ADC 0000006C

Symbol: IRQ_ADC
   Definitions
      At line 347 in file STM32F429_startup.s
   Uses
      At line 82 in file STM32F429_startup.s
      At line 255 in file STM32F429_startup.s

IRQ_BusFlt 0000002E

Symbol: IRQ_BusFlt
   Definitions
      At line 192 in file STM32F429_startup.s
   Uses
      At line 50 in file STM32F429_startup.s
Comment: IRQ_BusFlt used once
IRQ_CAN1_RX0 0000006C

Symbol: IRQ_CAN1_RX0
   Definitions
      At line 349 in file STM32F429_startup.s
   Uses
      At line 84 in file STM32F429_startup.s
      At line 257 in file STM32F429_startup.s

IRQ_CAN1_RX1 0000006C

Symbol: IRQ_CAN1_RX1
   Definitions
      At line 350 in file STM32F429_startup.s
   Uses
      At line 85 in file STM32F429_startup.s
      At line 258 in file STM32F429_startup.s

IRQ_CAN1_SCE 0000006C

Symbol: IRQ_CAN1_SCE
   Definitions
      At line 351 in file STM32F429_startup.s
   Uses
      At line 86 in file STM32F429_startup.s
      At line 259 in file STM32F429_startup.s

IRQ_CAN1_TX 0000006C

Symbol: IRQ_CAN1_TX
   Definitions
      At line 348 in file STM32F429_startup.s
   Uses
      At line 83 in file STM32F429_startup.s



ARM Macro Assembler    Page 2 Alphabetic symbol ordering
Relocatable symbols

      At line 256 in file STM32F429_startup.s

IRQ_CAN2_RX0 0000006C

Symbol: IRQ_CAN2_RX0
   Definitions
      At line 393 in file STM32F429_startup.s
   Uses
      At line 128 in file STM32F429_startup.s
      At line 301 in file STM32F429_startup.s

IRQ_CAN2_RX1 0000006C

Symbol: IRQ_CAN2_RX1
   Definitions
      At line 394 in file STM32F429_startup.s
   Uses
      At line 129 in file STM32F429_startup.s
      At line 302 in file STM32F429_startup.s

IRQ_CAN2_SCE 0000006C

Symbol: IRQ_CAN2_SCE
   Definitions
      At line 395 in file STM32F429_startup.s
   Uses
      At line 130 in file STM32F429_startup.s
      At line 303 in file STM32F429_startup.s

IRQ_CAN2_TX 0000006C

Symbol: IRQ_CAN2_TX
   Definitions
      At line 392 in file STM32F429_startup.s
   Uses
      At line 127 in file STM32F429_startup.s
      At line 300 in file STM32F429_startup.s

IRQ_CRYP 0000006C

Symbol: IRQ_CRYP
   Definitions
      At line 408 in file STM32F429_startup.s
   Uses
      At line 143 in file STM32F429_startup.s
      At line 316 in file STM32F429_startup.s

IRQ_DCMI 0000006C

Symbol: IRQ_DCMI
   Definitions
      At line 407 in file STM32F429_startup.s
   Uses
      At line 142 in file STM32F429_startup.s
      At line 315 in file STM32F429_startup.s

IRQ_DMA1_STREAM0 0000006C

Symbol: IRQ_DMA1_STREAM0



ARM Macro Assembler    Page 3 Alphabetic symbol ordering
Relocatable symbols

   Definitions
      At line 340 in file STM32F429_startup.s
   Uses
      At line 75 in file STM32F429_startup.s
      At line 248 in file STM32F429_startup.s

IRQ_DMA1_STREAM1 0000006C

Symbol: IRQ_DMA1_STREAM1
   Definitions
      At line 341 in file STM32F429_startup.s
   Uses
      At line 76 in file STM32F429_startup.s
      At line 249 in file STM32F429_startup.s

IRQ_DMA1_STREAM2 0000006C

Symbol: IRQ_DMA1_STREAM2
   Definitions
      At line 342 in file STM32F429_startup.s
   Uses
      At line 77 in file STM32F429_startup.s
      At line 250 in file STM32F429_startup.s

IRQ_DMA1_STREAM3 0000006C

Symbol: IRQ_DMA1_STREAM3
   Definitions
      At line 343 in file STM32F429_startup.s
   Uses
      At line 78 in file STM32F429_startup.s
      At line 251 in file STM32F429_startup.s

IRQ_DMA1_STREAM4 0000006C

Symbol: IRQ_DMA1_STREAM4
   Definitions
      At line 344 in file STM32F429_startup.s
   Uses
      At line 79 in file STM32F429_startup.s
      At line 252 in file STM32F429_startup.s

IRQ_DMA1_STREAM5 0000006C

Symbol: IRQ_DMA1_STREAM5
   Definitions
      At line 345 in file STM32F429_startup.s
   Uses
      At line 80 in file STM32F429_startup.s
      At line 253 in file STM32F429_startup.s

IRQ_DMA1_STREAM6 0000006C

Symbol: IRQ_DMA1_STREAM6
   Definitions
      At line 346 in file STM32F429_startup.s
   Uses
      At line 81 in file STM32F429_startup.s
      At line 254 in file STM32F429_startup.s



ARM Macro Assembler    Page 4 Alphabetic symbol ordering
Relocatable symbols


IRQ_DMA1_STREAM7 0000006C

Symbol: IRQ_DMA1_STREAM7
   Definitions
      At line 376 in file STM32F429_startup.s
   Uses
      At line 111 in file STM32F429_startup.s
      At line 284 in file STM32F429_startup.s

IRQ_DMA2D 0000006C

Symbol: IRQ_DMA2D
   Definitions
      At line 419 in file STM32F429_startup.s
   Uses
      At line 154 in file STM32F429_startup.s
      At line 327 in file STM32F429_startup.s

IRQ_DMA2_STREAM0 0000006C

Symbol: IRQ_DMA2_STREAM0
   Definitions
      At line 385 in file STM32F429_startup.s
   Uses
      At line 120 in file STM32F429_startup.s
      At line 293 in file STM32F429_startup.s

IRQ_DMA2_STREAM1 0000006C

Symbol: IRQ_DMA2_STREAM1
   Definitions
      At line 386 in file STM32F429_startup.s
   Uses
      At line 121 in file STM32F429_startup.s
      At line 294 in file STM32F429_startup.s

IRQ_DMA2_STREAM2 0000006C

Symbol: IRQ_DMA2_STREAM2
   Definitions
      At line 387 in file STM32F429_startup.s
   Uses
      At line 122 in file STM32F429_startup.s
      At line 295 in file STM32F429_startup.s

IRQ_DMA2_STREAM3 0000006C

Symbol: IRQ_DMA2_STREAM3
   Definitions
      At line 388 in file STM32F429_startup.s
   Uses
      At line 123 in file STM32F429_startup.s
      At line 296 in file STM32F429_startup.s

IRQ_DMA2_STREAM4 0000006C

Symbol: IRQ_DMA2_STREAM4
   Definitions



ARM Macro Assembler    Page 5 Alphabetic symbol ordering
Relocatable symbols

      At line 389 in file STM32F429_startup.s
   Uses
      At line 124 in file STM32F429_startup.s
      At line 297 in file STM32F429_startup.s

IRQ_DMA2_STREAM5 0000006C

Symbol: IRQ_DMA2_STREAM5
   Definitions
      At line 397 in file STM32F429_startup.s
   Uses
      At line 132 in file STM32F429_startup.s
      At line 305 in file STM32F429_startup.s

IRQ_DMA2_STREAM6 0000006C

Symbol: IRQ_DMA2_STREAM6
   Definitions
      At line 398 in file STM32F429_startup.s
   Uses
      At line 133 in file STM32F429_startup.s
      At line 306 in file STM32F429_startup.s

IRQ_DMA2_STREAM7 0000006C

Symbol: IRQ_DMA2_STREAM7
   Definitions
      At line 399 in file STM32F429_startup.s
   Uses
      At line 134 in file STM32F429_startup.s
      At line 307 in file STM32F429_startup.s

IRQ_DebMon 00000064

Symbol: IRQ_DebMon
   Definitions
      At line 216 in file STM32F429_startup.s
   Uses
      At line 57 in file STM32F429_startup.s
      At line 217 in file STM32F429_startup.s

IRQ_Default 0000006C

Symbol: IRQ_Default
   Definitions
      At line 236 in file STM32F429_startup.s
   Uses
      None
Comment: IRQ_Default unused
IRQ_ETH 0000006C

Symbol: IRQ_ETH
   Definitions
      At line 390 in file STM32F429_startup.s
   Uses
      At line 125 in file STM32F429_startup.s
      At line 298 in file STM32F429_startup.s

IRQ_ETH_WKUP 0000006C



ARM Macro Assembler    Page 6 Alphabetic symbol ordering
Relocatable symbols


Symbol: IRQ_ETH_WKUP
   Definitions
      At line 391 in file STM32F429_startup.s
   Uses
      At line 126 in file STM32F429_startup.s
      At line 299 in file STM32F429_startup.s

IRQ_EXTI00 0000006C

Symbol: IRQ_EXTI00
   Definitions
      At line 335 in file STM32F429_startup.s
   Uses
      At line 70 in file STM32F429_startup.s
      At line 243 in file STM32F429_startup.s

IRQ_EXTI01 0000006C

Symbol: IRQ_EXTI01
   Definitions
      At line 336 in file STM32F429_startup.s
   Uses
      At line 71 in file STM32F429_startup.s
      At line 244 in file STM32F429_startup.s

IRQ_EXTI02 0000006C

Symbol: IRQ_EXTI02
   Definitions
      At line 337 in file STM32F429_startup.s
   Uses
      At line 72 in file STM32F429_startup.s
      At line 245 in file STM32F429_startup.s

IRQ_EXTI03 0000006C

Symbol: IRQ_EXTI03
   Definitions
      At line 338 in file STM32F429_startup.s
   Uses
      At line 73 in file STM32F429_startup.s
      At line 246 in file STM32F429_startup.s

IRQ_EXTI04 0000006C

Symbol: IRQ_EXTI04
   Definitions
      At line 339 in file STM32F429_startup.s
   Uses
      At line 74 in file STM32F429_startup.s
      At line 247 in file STM32F429_startup.s

IRQ_EXTI05TO09 0000006C

Symbol: IRQ_EXTI05TO09
   Definitions
      At line 352 in file STM32F429_startup.s
   Uses



ARM Macro Assembler    Page 7 Alphabetic symbol ordering
Relocatable symbols

      At line 87 in file STM32F429_startup.s
      At line 260 in file STM32F429_startup.s

IRQ_EXTI10TO15 0000006C

Symbol: IRQ_EXTI10TO15
   Definitions
      At line 369 in file STM32F429_startup.s
   Uses
      At line 104 in file STM32F429_startup.s
      At line 277 in file STM32F429_startup.s

IRQ_FLASH 0000006C

Symbol: IRQ_FLASH
   Definitions
      At line 333 in file STM32F429_startup.s
   Uses
      At line 68 in file STM32F429_startup.s
      At line 241 in file STM32F429_startup.s

IRQ_FMC 0000006C

Symbol: IRQ_FMC
   Definitions
      At line 377 in file STM32F429_startup.s
   Uses
      At line 112 in file STM32F429_startup.s
      At line 285 in file STM32F429_startup.s

IRQ_FPU 0000006C

Symbol: IRQ_FPU
   Definitions
      At line 410 in file STM32F429_startup.s
   Uses
      At line 145 in file STM32F429_startup.s
      At line 318 in file STM32F429_startup.s

IRQ_HASH_RNG 0000006C

Symbol: IRQ_HASH_RNG
   Definitions
      At line 409 in file STM32F429_startup.s
   Uses
      At line 144 in file STM32F429_startup.s
      At line 317 in file STM32F429_startup.s

IRQ_HrdFlt 0000000A

Symbol: IRQ_HrdFlt
   Definitions
      At line 176 in file STM32F429_startup.s
   Uses
      At line 48 in file STM32F429_startup.s
Comment: IRQ_HrdFlt used once
IRQ_I2C1_ER 0000006C

Symbol: IRQ_I2C1_ER



ARM Macro Assembler    Page 8 Alphabetic symbol ordering
Relocatable symbols

   Definitions
      At line 361 in file STM32F429_startup.s
   Uses
      At line 96 in file STM32F429_startup.s
      At line 269 in file STM32F429_startup.s

IRQ_I2C1_EV 0000006C

Symbol: IRQ_I2C1_EV
   Definitions
      At line 360 in file STM32F429_startup.s
   Uses
      At line 95 in file STM32F429_startup.s
      At line 268 in file STM32F429_startup.s

IRQ_I2C2_ER 0000006C

Symbol: IRQ_I2C2_ER
   Definitions
      At line 363 in file STM32F429_startup.s
   Uses
      At line 98 in file STM32F429_startup.s
      At line 271 in file STM32F429_startup.s

IRQ_I2C2_EV 0000006C

Symbol: IRQ_I2C2_EV
   Definitions
      At line 362 in file STM32F429_startup.s
   Uses
      At line 97 in file STM32F429_startup.s
      At line 270 in file STM32F429_startup.s

IRQ_I2C3_ER 0000006C

Symbol: IRQ_I2C3_ER
   Definitions
      At line 402 in file STM32F429_startup.s
   Uses
      At line 137 in file STM32F429_startup.s
      At line 310 in file STM32F429_startup.s

IRQ_I2C3_EV 0000006C

Symbol: IRQ_I2C3_EV
   Definitions
      At line 401 in file STM32F429_startup.s
   Uses
      At line 136 in file STM32F429_startup.s
      At line 309 in file STM32F429_startup.s

IRQ_LTDC 0000006C

Symbol: IRQ_LTDC
   Definitions
      At line 417 in file STM32F429_startup.s
   Uses
      At line 152 in file STM32F429_startup.s
      At line 325 in file STM32F429_startup.s



ARM Macro Assembler    Page 9 Alphabetic symbol ordering
Relocatable symbols


IRQ_LTDC_ERR 0000006C

Symbol: IRQ_LTDC_ERR
   Definitions
      At line 418 in file STM32F429_startup.s
   Uses
      At line 153 in file STM32F429_startup.s
      At line 326 in file STM32F429_startup.s

IRQ_MemFlt 0000001C

Symbol: IRQ_MemFlt
   Definitions
      At line 184 in file STM32F429_startup.s
   Uses
      At line 49 in file STM32F429_startup.s
Comment: IRQ_MemFlt used once
IRQ_NMI 00000008

Symbol: IRQ_NMI
   Definitions
      At line 171 in file STM32F429_startup.s
   Uses
      At line 47 in file STM32F429_startup.s
      At line 172 in file STM32F429_startup.s

IRQ_OTG_FS 0000006C

Symbol: IRQ_OTG_FS
   Definitions
      At line 396 in file STM32F429_startup.s
   Uses
      At line 131 in file STM32F429_startup.s
      At line 304 in file STM32F429_startup.s

IRQ_OTG_FS_WKUP 0000006C

Symbol: IRQ_OTG_FS_WKUP
   Definitions
      At line 371 in file STM32F429_startup.s
   Uses
      At line 106 in file STM32F429_startup.s
      At line 279 in file STM32F429_startup.s

IRQ_OTG_HS 0000006C

Symbol: IRQ_OTG_HS
   Definitions
      At line 406 in file STM32F429_startup.s
   Uses
      At line 141 in file STM32F429_startup.s
      At line 314 in file STM32F429_startup.s

IRQ_OTG_HS_EP1_IN 0000006C

Symbol: IRQ_OTG_HS_EP1_IN
   Definitions
      At line 404 in file STM32F429_startup.s



ARM Macro Assembler    Page 10 Alphabetic symbol ordering
Relocatable symbols

   Uses
      At line 139 in file STM32F429_startup.s
      At line 312 in file STM32F429_startup.s

IRQ_OTG_HS_EP1_OUT 0000006C

Symbol: IRQ_OTG_HS_EP1_OUT
   Definitions
      At line 403 in file STM32F429_startup.s
   Uses
      At line 138 in file STM32F429_startup.s
      At line 311 in file STM32F429_startup.s

IRQ_OTG_WKUP 0000006C

Symbol: IRQ_OTG_WKUP
   Definitions
      At line 405 in file STM32F429_startup.s
   Uses
      At line 140 in file STM32F429_startup.s
      At line 313 in file STM32F429_startup.s

IRQ_PSV 00000066

Symbol: IRQ_PSV
   Definitions
      At line 221 in file STM32F429_startup.s
   Uses
      At line 59 in file STM32F429_startup.s
      At line 222 in file STM32F429_startup.s

IRQ_PVD 0000006C

Symbol: IRQ_PVD
   Definitions
      At line 330 in file STM32F429_startup.s
   Uses
      At line 65 in file STM32F429_startup.s
      At line 238 in file STM32F429_startup.s

IRQ_RCC 0000006C

Symbol: IRQ_RCC
   Definitions
      At line 334 in file STM32F429_startup.s
   Uses
      At line 69 in file STM32F429_startup.s
      At line 242 in file STM32F429_startup.s

IRQ_RTC_ALARM 0000006C

Symbol: IRQ_RTC_ALARM
   Definitions
      At line 370 in file STM32F429_startup.s
   Uses
      At line 105 in file STM32F429_startup.s
      At line 278 in file STM32F429_startup.s

IRQ_RTC_WKUP 0000006C



ARM Macro Assembler    Page 11 Alphabetic symbol ordering
Relocatable symbols


Symbol: IRQ_RTC_WKUP
   Definitions
      At line 332 in file STM32F429_startup.s
   Uses
      At line 67 in file STM32F429_startup.s
      At line 240 in file STM32F429_startup.s

IRQ_Reset 00000000

Symbol: IRQ_Reset
   Definitions
      At line 160 in file STM32F429_startup.s
   Uses
      At line 46 in file STM32F429_startup.s
      At line 161 in file STM32F429_startup.s

IRQ_SAI1 0000006C

Symbol: IRQ_SAI1
   Definitions
      At line 416 in file STM32F429_startup.s
   Uses
      At line 151 in file STM32F429_startup.s
      At line 324 in file STM32F429_startup.s

IRQ_SDIO 0000006C

Symbol: IRQ_SDIO
   Definitions
      At line 378 in file STM32F429_startup.s
   Uses
      At line 113 in file STM32F429_startup.s
      At line 286 in file STM32F429_startup.s

IRQ_SPI1 0000006C

Symbol: IRQ_SPI1
   Definitions
      At line 364 in file STM32F429_startup.s
   Uses
      At line 99 in file STM32F429_startup.s
      At line 272 in file STM32F429_startup.s

IRQ_SPI2 0000006C

Symbol: IRQ_SPI2
   Definitions
      At line 365 in file STM32F429_startup.s
   Uses
      At line 100 in file STM32F429_startup.s
      At line 273 in file STM32F429_startup.s

IRQ_SPI3 0000006C

Symbol: IRQ_SPI3
   Definitions
      At line 380 in file STM32F429_startup.s
   Uses



ARM Macro Assembler    Page 12 Alphabetic symbol ordering
Relocatable symbols

      At line 115 in file STM32F429_startup.s
      At line 288 in file STM32F429_startup.s

IRQ_SPI4 0000006C

Symbol: IRQ_SPI4
   Definitions
      At line 413 in file STM32F429_startup.s
   Uses
      At line 148 in file STM32F429_startup.s
      At line 321 in file STM32F429_startup.s

IRQ_SPI5 0000006C

Symbol: IRQ_SPI5
   Definitions
      At line 414 in file STM32F429_startup.s
   Uses
      At line 149 in file STM32F429_startup.s
      At line 322 in file STM32F429_startup.s

IRQ_SPI6 0000006C

Symbol: IRQ_SPI6
   Definitions
      At line 415 in file STM32F429_startup.s
   Uses
      At line 150 in file STM32F429_startup.s
      At line 323 in file STM32F429_startup.s

IRQ_STK 00000068

Symbol: IRQ_STK
   Definitions
      At line 226 in file STM32F429_startup.s
   Uses
      At line 60 in file STM32F429_startup.s
      At line 227 in file STM32F429_startup.s

IRQ_SVC 00000052

Symbol: IRQ_SVC
   Definitions
      At line 208 in file STM32F429_startup.s
   Uses
      At line 56 in file STM32F429_startup.s
Comment: IRQ_SVC used once
IRQ_TAMP 0000006C

Symbol: IRQ_TAMP
   Definitions
      At line 331 in file STM32F429_startup.s
   Uses
      At line 66 in file STM32F429_startup.s
      At line 239 in file STM32F429_startup.s

IRQ_TIM01_BK_TIM09 0000006C

Symbol: IRQ_TIM01_BK_TIM09



ARM Macro Assembler    Page 13 Alphabetic symbol ordering
Relocatable symbols

   Definitions
      At line 353 in file STM32F429_startup.s
   Uses
      At line 88 in file STM32F429_startup.s
      At line 261 in file STM32F429_startup.s

IRQ_TIM01_CC 0000006C

Symbol: IRQ_TIM01_CC
   Definitions
      At line 356 in file STM32F429_startup.s
   Uses
      At line 91 in file STM32F429_startup.s
      At line 264 in file STM32F429_startup.s

IRQ_TIM01_TR_TIM11 0000006C

Symbol: IRQ_TIM01_TR_TIM11
   Definitions
      At line 355 in file STM32F429_startup.s
   Uses
      At line 90 in file STM32F429_startup.s
      At line 263 in file STM32F429_startup.s

IRQ_TIM01_UE_TIM10 0000006C

Symbol: IRQ_TIM01_UE_TIM10
   Definitions
      At line 354 in file STM32F429_startup.s
   Uses
      At line 89 in file STM32F429_startup.s
      At line 262 in file STM32F429_startup.s

IRQ_TIM02 0000006C

Symbol: IRQ_TIM02
   Definitions
      At line 357 in file STM32F429_startup.s
   Uses
      At line 92 in file STM32F429_startup.s
      At line 265 in file STM32F429_startup.s

IRQ_TIM03 0000006C

Symbol: IRQ_TIM03
   Definitions
      At line 358 in file STM32F429_startup.s
   Uses
      At line 93 in file STM32F429_startup.s
      At line 266 in file STM32F429_startup.s

IRQ_TIM04 0000006C

Symbol: IRQ_TIM04
   Definitions
      At line 359 in file STM32F429_startup.s
   Uses
      At line 94 in file STM32F429_startup.s
      At line 267 in file STM32F429_startup.s



ARM Macro Assembler    Page 14 Alphabetic symbol ordering
Relocatable symbols


IRQ_TIM05 0000006C

Symbol: IRQ_TIM05
   Definitions
      At line 379 in file STM32F429_startup.s
   Uses
      At line 114 in file STM32F429_startup.s
      At line 287 in file STM32F429_startup.s

IRQ_TIM06_DAC 0000006C

Symbol: IRQ_TIM06_DAC
   Definitions
      At line 383 in file STM32F429_startup.s
   Uses
      At line 118 in file STM32F429_startup.s
      At line 291 in file STM32F429_startup.s

IRQ_TIM07 0000006C

Symbol: IRQ_TIM07
   Definitions
      At line 384 in file STM32F429_startup.s
   Uses
      At line 119 in file STM32F429_startup.s
      At line 292 in file STM32F429_startup.s

IRQ_TIM08_BK_TIM12 0000006C

Symbol: IRQ_TIM08_BK_TIM12
   Definitions
      At line 372 in file STM32F429_startup.s
   Uses
      At line 107 in file STM32F429_startup.s
      At line 280 in file STM32F429_startup.s

IRQ_TIM08_CC 0000006C

Symbol: IRQ_TIM08_CC
   Definitions
      At line 375 in file STM32F429_startup.s
   Uses
      At line 110 in file STM32F429_startup.s
      At line 283 in file STM32F429_startup.s

IRQ_TIM08_TR_TIM14 0000006C

Symbol: IRQ_TIM08_TR_TIM14
   Definitions
      At line 374 in file STM32F429_startup.s
   Uses
      At line 109 in file STM32F429_startup.s
      At line 282 in file STM32F429_startup.s

IRQ_TIM08_UE_TIM13 0000006C

Symbol: IRQ_TIM08_UE_TIM13
   Definitions



ARM Macro Assembler    Page 15 Alphabetic symbol ordering
Relocatable symbols

      At line 373 in file STM32F429_startup.s
   Uses
      At line 108 in file STM32F429_startup.s
      At line 281 in file STM32F429_startup.s

IRQ_UART4 0000006C

Symbol: IRQ_UART4
   Definitions
      At line 381 in file STM32F429_startup.s
   Uses
      At line 116 in file STM32F429_startup.s
      At line 289 in file STM32F429_startup.s

IRQ_UART5 0000006C

Symbol: IRQ_UART5
   Definitions
      At line 382 in file STM32F429_startup.s
   Uses
      At line 117 in file STM32F429_startup.s
      At line 290 in file STM32F429_startup.s

IRQ_UART7 0000006C

Symbol: IRQ_UART7
   Definitions
      At line 411 in file STM32F429_startup.s
   Uses
      At line 146 in file STM32F429_startup.s
      At line 319 in file STM32F429_startup.s

IRQ_UART8 0000006C

Symbol: IRQ_UART8
   Definitions
      At line 412 in file STM32F429_startup.s
   Uses
      At line 147 in file STM32F429_startup.s
      At line 320 in file STM32F429_startup.s

IRQ_USART1 0000006C

Symbol: IRQ_USART1
   Definitions
      At line 366 in file STM32F429_startup.s
   Uses
      At line 101 in file STM32F429_startup.s
      At line 274 in file STM32F429_startup.s

IRQ_USART2 0000006C

Symbol: IRQ_USART2
   Definitions
      At line 367 in file STM32F429_startup.s
   Uses
      At line 102 in file STM32F429_startup.s
      At line 275 in file STM32F429_startup.s




ARM Macro Assembler    Page 16 Alphabetic symbol ordering
Relocatable symbols

IRQ_USART3 0000006C

Symbol: IRQ_USART3
   Definitions
      At line 368 in file STM32F429_startup.s
   Uses
      At line 103 in file STM32F429_startup.s
      At line 276 in file STM32F429_startup.s

IRQ_USART6 0000006C

Symbol: IRQ_USART6
   Definitions
      At line 400 in file STM32F429_startup.s
   Uses
      At line 135 in file STM32F429_startup.s
      At line 308 in file STM32F429_startup.s

IRQ_UsgFlt 00000040

Symbol: IRQ_UsgFlt
   Definitions
      At line 200 in file STM32F429_startup.s
   Uses
      At line 51 in file STM32F429_startup.s
Comment: IRQ_UsgFlt used once
IRQ_WWDG 0000006C

Symbol: IRQ_WWDG
   Definitions
      At line 329 in file STM32F429_startup.s
   Uses
      At line 64 in file STM32F429_startup.s
      At line 237 in file STM32F429_startup.s

UndefinedIRQ 0000006A

Symbol: UndefinedIRQ
   Definitions
      At line 231 in file STM32F429_startup.s
   Uses
      At line 232 in file STM32F429_startup.s
      At line 421 in file STM32F429_startup.s

__user_setup_stackheap 00000074

Symbol: __user_setup_stackheap
   Definitions
      At line 440 in file STM32F429_startup.s
   Uses
      At line 438 in file STM32F429_startup.s
Comment: __user_setup_stackheap used once
105 symbols



ARM Macro Assembler    Page 1 Alphabetic symbol ordering
Absolute symbols

HeapSize 00010000

Symbol: HeapSize
   Definitions
      At line 30 in file STM32F429_startup.s
   Uses
      At line 34 in file STM32F429_startup.s
      At line 444 in file STM32F429_startup.s

RawStackSize 00000400

Symbol: RawStackSize
   Definitions
      At line 13 in file STM32F429_startup.s
   Uses
      At line 14 in file STM32F429_startup.s
Comment: RawStackSize used once
StackSize 000003F8

Symbol: StackSize
   Definitions
      At line 14 in file STM32F429_startup.s
   Uses
      At line 21 in file STM32F429_startup.s
      At line 443 in file STM32F429_startup.s

__Vectors_Size 000001AC

Symbol: __Vectors_Size
   Definitions
      At line 156 in file STM32F429_startup.s
   Uses
      At line 43 in file STM32F429_startup.s
Comment: __Vectors_Size used once
4 symbols



ARM Macro Assembler    Page 1 Alphabetic symbol ordering
External symbols

HandleBusFlt 00000000

Symbol: HandleBusFlt
   Definitions
      At line 193 in file STM32F429_startup.s
   Uses
      At line 197 in file STM32F429_startup.s
Comment: HandleBusFlt used once
HandleHrdFlt 00000000

Symbol: HandleHrdFlt
   Definitions
      At line 177 in file STM32F429_startup.s
   Uses
      At line 181 in file STM32F429_startup.s
Comment: HandleHrdFlt used once
HandleMemFlt 00000000

Symbol: HandleMemFlt
   Definitions
      At line 185 in file STM32F429_startup.s
   Uses
      At line 189 in file STM32F429_startup.s
Comment: HandleMemFlt used once
HandleSVC 00000000

Symbol: HandleSVC
   Definitions
      At line 209 in file STM32F429_startup.s
   Uses
      At line 213 in file STM32F429_startup.s
Comment: HandleSVC used once
HandleUsgFlt 00000000

Symbol: HandleUsgFlt
   Definitions
      At line 201 in file STM32F429_startup.s
   Uses
      At line 205 in file STM32F429_startup.s
Comment: HandleUsgFlt used once
VeryFirstInit 00000000

Symbol: VeryFirstInit
   Definitions
      At line 162 in file STM32F429_startup.s
   Uses
      At line 165 in file STM32F429_startup.s
Comment: VeryFirstInit used once
__main 00000000

Symbol: __main
   Definitions
      At line 163 in file STM32F429_startup.s
   Uses
      At line 167 in file STM32F429_startup.s
Comment: __main used once
__use_two_region_memory 00000000

Symbol: __use_two_region_memory



ARM Macro Assembler    Page 2 Alphabetic symbol ordering
External symbols

   Definitions
      At line 437 in file STM32F429_startup.s
   Uses
      None
Comment: __use_two_region_memory unused
8 symbols
465 symbols in table
